{"uuid":"6bd75d6e-40c3-4040-97c3-90e133440b64","name":"SomanyTestClass.RedumptionFlowTest","children":["ef4d3db2-fb03-413e-a99e-49b49029bee5","662ed476-c96e-4dee-9fa0-8dbdcd4e763a","718b6ad2-dde5-4fe1-a908-477251959785","4cc924ec-77b2-4bd2-9757-21669905d1f3","96a1e85f-92cd-4306-824d-caf00ab78768","fe8df353-6660-4589-8465-08fd8e8f0897","93e72ab7-d49a-429d-8515-0db91086bcc4","5218e371-fc94-4ec3-b113-60303308aff1","3c9907f6-c6c5-4d9f-aba1-d9f2947aa17b","f515569c-44eb-4c45-bb2d-553a9bba4889","8c6dd921-9f36-48d0-afea-4c42c78b2e38","0bf809ad-22ce-4c95-b9d3-6732f2bd60ef","0001c373-a730-4be1-a7a8-9997ef7af153","8fab0ca6-3da0-49c7-8254-66c8a3931be7","02506f2c-be0c-4989-96c6-617e26d64a0e","a01c1263-36e3-4499-acb1-6bd3e2f107fa","49ccac16-d398-4503-af13-da14041bbfed","24dc5f32-eeb8-4255-92e6-b0d7ac481c8b","61c29737-6189-4bb7-86ab-7faa1ed95dc3","4d0190bc-1435-4016-9b90-8c13e760847a","0651f57e-1446-4601-8723-1658978a8c35","c4608335-6243-4826-8d7c-ba8882ae2f1f","e917aee0-9ae3-45ab-80e6-4a2f8cfab812","3b4e2539-bc13-4eda-86de-203f281bc955","3998c68c-febb-4b74-894e-c7c831abc488","4fe32ee6-1911-45b6-a941-3bf37bbc3dfc","9f788077-2576-40f4-abd7-45ca7a94208e","58f03a65-9507-43f0-8dd2-7df9554da9ae","926c3ef6-3d07-4a99-98d7-51a8a5a6a5e4","01a69ff1-1841-4e96-b41e-7cfd2f0ee5b9","59c267f9-2675-42ed-bdb7-6fa3112e2ba6","11ec9938-89fe-45df-8ad5-42e85cb4cd46","b40305ab-2ae4-460e-bee9-bc4363232303","e734484e-da7e-4550-acea-149e3d35a6c4","ef7c1427-c6db-4736-8ba8-ae82882708cb","359b5820-2793-4768-b4fa-fcd5fe81a82c","ee3dd6a5-4881-4bdb-a64d-bff9bc76d2c2","67ee4dd6-5cd1-442c-adb5-71a904797b56","05421544-5415-472f-8a59-822d92dffc07","300187a6-9970-4fb8-8b9d-1685d3bee105","cd8c40c9-fca0-45ef-b85f-07b4565d0768"],"befores":[{"name":"start","status":"broken","statusDetails":{"known":false,"muted":false,"flaky":false,"message":"Could not start a new session. Possible causes are invalid address of the remote server or browser start-up failure. \nHost info: host: 'L-270331', ip: '192.168.2.155'","trace":"org.openqa.selenium.SessionNotCreatedException: Could not start a new session. Possible causes are invalid address of the remote server or browser start-up failure. \nHost info: host: 'L-270331', ip: '192.168.2.155'\r\n\tat org.openqa.selenium.remote.RemoteWebDriver.execute(RemoteWebDriver.java:620)\r\n\tat io.appium.java_client.AppiumDriver.startSession(AppiumDriver.java:229)\r\n\tat org.openqa.selenium.remote.RemoteWebDriver.<init>(RemoteWebDriver.java:163)\r\n\tat io.appium.java_client.AppiumDriver.<init>(AppiumDriver.java:80)\r\n\tat io.appium.java_client.AppiumDriver.<init>(AppiumDriver.java:92)\r\n\tat io.appium.java_client.android.AndroidDriver.<init>(AndroidDriver.java:117)\r\n\tat SomanyTestClass.BaseTest.start(BaseTest.java:53)\r\n\tat java.base/jdk.internal.reflect.NativeMethodAccessorImpl.invoke0(Native Method)\r\n\tat java.base/jdk.internal.reflect.NativeMethodAccessorImpl.invoke(NativeMethodAccessorImpl.java:77)\r\n\tat java.base/jdk.internal.reflect.DelegatingMethodAccessorImpl.invoke(DelegatingMethodAccessorImpl.java:43)\r\n\tat java.base/java.lang.reflect.Method.invoke(Method.java:568)\r\n\tat org.testng.internal.invokers.MethodInvocationHelper.invokeMethod(MethodInvocationHelper.java:139)\r\n\tat org.testng.internal.invokers.MethodInvocationHelper.invokeMethodConsideringTimeout(MethodInvocationHelper.java:69)\r\n\tat org.testng.internal.invokers.ConfigInvoker.invokeConfigurationMethod(ConfigInvoker.java:361)\r\n\tat org.testng.internal.invokers.ConfigInvoker.invokeConfigurations(ConfigInvoker.java:296)\r\n\tat org.testng.internal.invokers.TestMethodWorker.invokeBeforeClassMethods(TestMethodWorker.java:180)\r\n\tat org.testng.internal.invokers.TestMethodWorker.run(TestMethodWorker.java:122)\r\n\tat java.base/java.util.ArrayList.forEach(ArrayList.java:1511)\r\n\tat org.testng.TestRunner.privateRun(TestRunner.java:806)\r\n\tat org.testng.TestRunner.run(TestRunner.java:601)\r\n\tat org.testng.SuiteRunner.runTest(SuiteRunner.java:433)\r\n\tat org.testng.SuiteRunner.runSequentially(SuiteRunner.java:427)\r\n\tat org.testng.SuiteRunner.privateRun(SuiteRunner.java:387)\r\n\tat org.testng.SuiteRunner.run(SuiteRunner.java:330)\r\n\tat org.testng.SuiteRunnerWorker.runSuite(SuiteRunnerWorker.java:52)\r\n\tat org.testng.SuiteRunnerWorker.run(SuiteRunnerWorker.java:95)\r\n\tat org.testng.TestNG.runSuitesSequentially(TestNG.java:1256)\r\n\tat org.testng.TestNG.runSuitesLocally(TestNG.java:1176)\r\n\tat org.testng.TestNG.runSuites(TestNG.java:1099)\r\n\tat org.testng.TestNG.run(TestNG.java:1067)\r\n\tat org.apache.maven.surefire.testng.TestNGExecutor.run(TestNGExecutor.java:135)\r\n\tat org.apache.maven.surefire.testng.TestNGDirectoryTestSuite.executeMulti(TestNGDirectoryTestSuite.java:193)\r\n\tat org.apache.maven.surefire.testng.TestNGDirectoryTestSuite.execute(TestNGDirectoryTestSuite.java:94)\r\n\tat org.apache.maven.surefire.testng.TestNGProvider.invoke(TestNGProvider.java:146)\r\n\tat org.apache.maven.surefire.booter.ForkedBooter.invokeProviderInSameClassLoader(ForkedBooter.java:384)\r\n\tat org.apache.maven.surefire.booter.ForkedBooter.runSuitesInProcess(ForkedBooter.java:345)\r\n\tat org.apache.maven.surefire.booter.ForkedBooter.execute(ForkedBooter.java:126)\r\n\tat org.apache.maven.surefire.booter.ForkedBooter.main(ForkedBooter.java:418)\r\nCaused by: org.openqa.selenium.WebDriverException: Connection refused: no further information\nBuild info: version: '4.22.0', revision: 'c5f3146703*'\nSystem info: os.name: 'Windows 11', os.arch: 'amd64', os.version: '10.0', java.version: '17.0.6'\nDriver info: driver.version: AndroidDriver\r\n\tat io.appium.java_client.remote.AppiumCommandExecutor.lambda$execute$4(AppiumCommandExecutor.java:274)\r\n\tat java.base/java.util.Optional.orElseGet(Optional.java:364)\r\n\tat io.appium.java_client.remote.AppiumCommandExecutor.execute(AppiumCommandExecutor.java:273)\r\n\tat org.openqa.selenium.remote.RemoteWebDriver.execute(RemoteWebDriver.java:602)\r\n\t... 37 more\r\nCaused by: java.net.ConnectException: Connection refused: no further information\r\n\tat java.base/sun.nio.ch.Net.pollConnect(Native Method)\r\n\tat java.base/sun.nio.ch.Net.pollConnectNow(Net.java:672)\r\n\tat java.base/sun.nio.ch.SocketChannelImpl.finishConnect(SocketChannelImpl.java:946)\r\n\tat io.netty.channel.socket.nio.NioSocketChannel.doFinishConnect(NioSocketChannel.java:337)\r\n\tat io.netty.channel.nio.AbstractNioChannel$AbstractNioUnsafe.finishConnect(AbstractNioChannel.java:334)\r\n\tat io.netty.channel.nio.NioEventLoop.processSelectedKey(NioEventLoop.java:776)\r\n\tat io.netty.channel.nio.NioEventLoop.processSelectedKeysOptimized(NioEventLoop.java:724)\r\n\tat io.netty.channel.nio.NioEventLoop.processSelectedKeys(NioEventLoop.java:650)\r\n\tat io.netty.channel.nio.NioEventLoop.run(NioEventLoop.java:562)\r\n\tat io.netty.util.concurrent.SingleThreadEventExecutor$4.run(SingleThreadEventExecutor.java:997)\r\n\tat io.netty.util.internal.ThreadExecutorMap$2.run(ThreadExecutorMap.java:74)\r\n\tat io.netty.util.concurrent.FastThreadLocalRunnable.run(FastThreadLocalRunnable.java:30)\r\n\tat java.base/java.lang.Thread.run(Thread.java:833)\r\n"},"stage":"finished","description":"","steps":[],"attachments":[],"parameters":[],"start":1719817343158,"stop":1719817343165}],"afters":[{"name":"sendEmailWithAttachment","status":"passed","stage":"finished","description":"","steps":[],"attachments":[],"parameters":[],"start":1719817343298,"stop":1719817343298}],"start":1719817341743,"stop":1719817343406}